[07-Jul-2026 10:06:59 UTC] PHP Warning:  rename(C:\Windows\TEMP/tutor.3.9.15-5KeywU.tmp,C:\Windows\TEMP/tutor.3.9.15.zip): Access is denied (code: 5) in C:\Users\adarsh\Local Sites\teacher-training-program\app\public\wp-admin\includes\file.php on line 1228
[07-Jul-2026 10:06:59 UTC] PHP Warning:  unlink(C:\Windows\TEMP/tutor.3.9.15.zip): Resource temporarily unavailable in C:\Users\adarsh\Local Sites\teacher-training-program\app\public\wp-admin\includes\file.php on line 1233
[07-Jul-2026 10:07:10 UTC] PHP Warning:  copy(C:/Users/adarsh/Local Sites/teacher-training-program/app/public/wp-content/upgrade/tutor.3.9.15/tutor/ecommerce/PaymentGateways/Paypal/vendor/brick/money/data/iso-currencies.php): Failed to open stream: No such file or directory in C:\Users\adarsh\Local Sites\teacher-training-program\app\public\wp-admin\includes\class-wp-filesystem-direct.php on line 328
[07-Jul-2026 10:07:10 UTC] PHP Warning:  fileperms(): stat failed for C:/Users/adarsh/Local Sites/teacher-training-program/app/public/wp-content/plugins/tutor/ecommerce/PaymentGateways/Paypal/vendor/brick/money/data/iso-currencies.php in C:\Users\adarsh\Local Sites\teacher-training-program\app\public\wp-admin\includes\class-wp-filesystem-direct.php on line 173
[07-Jul-2026 10:07:10 UTC] PHP Warning:  chmod(): No such file or directory in C:\Users\adarsh\Local Sites\teacher-training-program\app\public\wp-admin\includes\class-wp-filesystem-direct.php on line 189
[07-Jul-2026 10:07:10 UTC] PHP Warning:  fileperms(): stat failed for C:/Users/adarsh/Local Sites/teacher-training-program/app/public/wp-content/plugins/tutor/ecommerce/PaymentGateways/Paypal/vendor/brick/money/data/iso-currencies.php in C:\Users\adarsh\Local Sites\teacher-training-program\app\public\wp-admin\includes\class-wp-filesystem-direct.php on line 173
[07-Jul-2026 10:07:10 UTC] PHP Warning:  chmod(): No such file or directory in C:\Users\adarsh\Local Sites\teacher-training-program\app\public\wp-admin\includes\class-wp-filesystem-direct.php on line 189
[07-Jul-2026 10:07:10 UTC] PHP Warning:  copy(C:/Users/adarsh/Local Sites/teacher-training-program/app/public/wp-content/upgrade/tutor.3.9.15/tutor/ecommerce/PaymentGateways/Paypal/vendor/brick/money/data/iso-currencies.php): Failed to open stream: No such file or directory in C:\Users\adarsh\Local Sites\teacher-training-program\app\public\wp-admin\includes\class-wp-filesystem-direct.php on line 328
[07-Jul-2026 10:07:10 UTC] PHP Warning:  fileperms(): stat failed for C:/Users/adarsh/Local Sites/teacher-training-program/app/public/wp-content/plugins/tutor/ecommerce/PaymentGateways/Paypal/vendor/brick/money/data/iso-currencies.php in C:\Users\adarsh\Local Sites\teacher-training-program\app\public\wp-admin\includes\class-wp-filesystem-direct.php on line 173
[07-Jul-2026 10:07:10 UTC] PHP Warning:  chmod(): No such file or directory in C:\Users\adarsh\Local Sites\teacher-training-program\app\public\wp-admin\includes\class-wp-filesystem-direct.php on line 189
[07-Jul-2026 10:07:14 UTC] PHP Warning:  dir(C:/Users/adarsh/Local Sites/teacher-training-program/app/public/wp-content/upgrade/tutor.3.9.15/tutor/includes/kirki/build/js/): The system cannot find the path specifi (code: 3) in C:\Users\adarsh\Local Sites\teacher-training-program\app\public\wp-admin\includes\class-wp-filesystem-direct.php on line 655
[07-Jul-2026 10:07:14 UTC] PHP Warning:  dir(C:/Users/adarsh/Local Sites/teacher-training-program/app/public/wp-content/upgrade/tutor.3.9.15/tutor/includes/kirki/build/js/): Failed to open directory: No such file or directory in C:\Users\adarsh\Local Sites\teacher-training-program\app\public\wp-admin\includes\class-wp-filesystem-direct.php on line 655
[07-Jul-2026 10:07:16 UTC] PHP Warning:  dir(C:/Users/adarsh/Local Sites/teacher-training-program/app/public/wp-content/upgrade/tutor.3.9.15/tutor/templates/dashboard/quiz-attempts/): The system cannot find the path specifi (code: 3) in C:\Users\adarsh\Local Sites\teacher-training-program\app\public\wp-admin\includes\class-wp-filesystem-direct.php on line 655
[07-Jul-2026 10:07:16 UTC] PHP Warning:  dir(C:/Users/adarsh/Local Sites/teacher-training-program/app/public/wp-content/upgrade/tutor.3.9.15/tutor/templates/dashboard/quiz-attempts/): Failed to open directory: No such file or directory in C:\Users\adarsh\Local Sites\teacher-training-program\app\public\wp-admin\includes\class-wp-filesystem-direct.php on line 655
[07-Jul-2026 10:21:00 UTC] Quiz attempt migration completed!
[07-Jul-2026 11:11:39 UTC] There aren't users with empty `account_status`. Maybe some users were approved manually or deleted.
[07-Jul-2026 11:36:09 UTC] PHP Warning:  require_once(C:\Users\adarsh\Local Sites\teacher-training-program\app\public\wp-content\plugins\teacher-training-core/includes/shortcodes-certificates.php): Failed to open stream: No such file or directory in C:\Users\adarsh\Local Sites\teacher-training-program\app\public\wp-content\plugins\teacher-training-core\teacher-training-core.php on line 26
[07-Jul-2026 11:36:09 UTC] PHP Fatal error:  Uncaught Error: Failed opening required 'C:\Users\adarsh\Local Sites\teacher-training-program\app\public\wp-content\plugins\teacher-training-core/includes/shortcodes-certificates.php' (include_path='.:/usr/share/php:/www/wp-content/pear') in C:\Users\adarsh\Local Sites\teacher-training-program\app\public\wp-content\plugins\teacher-training-core\teacher-training-core.php:26
Stack trace:
#0 C:\Users\adarsh\Local Sites\teacher-training-program\app\public\wp-settings.php(589): include_once()
#1 C:\Users\adarsh\Local Sites\teacher-training-program\app\public\wp-config.php(103): require_once('C:\\Users\\adarsh...')
#2 C:\Users\adarsh\Local Sites\teacher-training-program\app\public\wp-load.php(50): require_once('C:\\Users\\adarsh...')
#3 C:\Users\adarsh\Local Sites\teacher-training-program\app\public\wp-cron.php(46): require_once('C:\\Users\\adarsh...')
#4 {main}
  thrown in C:\Users\adarsh\Local Sites\teacher-training-program\app\public\wp-content\plugins\teacher-training-core\teacher-training-core.php on line 26
[07-Jul-2026 11:36:09 UTC] PHP Warning:  require_once(C:\Users\adarsh\Local Sites\teacher-training-program\app\public\wp-content\plugins\teacher-training-core/includes/shortcodes-certificates.php): Failed to open stream: No such file or directory in C:\Users\adarsh\Local Sites\teacher-training-program\app\public\wp-content\plugins\teacher-training-core\teacher-training-core.php on line 26
[07-Jul-2026 11:36:09 UTC] PHP Fatal error:  Uncaught Error: Failed opening required 'C:\Users\adarsh\Local Sites\teacher-training-program\app\public\wp-content\plugins\teacher-training-core/includes/shortcodes-certificates.php' (include_path='.:/usr/share/php:/www/wp-content/pear') in C:\Users\adarsh\Local Sites\teacher-training-program\app\public\wp-content\plugins\teacher-training-core\teacher-training-core.php:26
Stack trace:
#0 C:\Users\adarsh\Local Sites\teacher-training-program\app\public\wp-settings.php(589): include_once()
#1 C:\Users\adarsh\Local Sites\teacher-training-program\app\public\wp-config.php(103): require_once('C:\\Users\\adarsh...')
#2 C:\Users\adarsh\Local Sites\teacher-training-program\app\public\wp-load.php(50): require_once('C:\\Users\\adarsh...')
#3 C:\Users\adarsh\Local Sites\teacher-training-program\app\public\wp-admin\admin-ajax.php(22): require_once('C:\\Users\\adarsh...')
#4 {main}
  thrown in C:\Users\adarsh\Local Sites\teacher-training-program\app\public\wp-content\plugins\teacher-training-core\teacher-training-core.php on line 26
[07-Jul-2026 11:36:09 UTC] PHP Warning:  require_once(C:\Users\adarsh\Local Sites\teacher-training-program\app\public\wp-content\plugins\teacher-training-core/includes/shortcodes-certificates.php): Failed to open stream: No such file or directory in C:\Users\adarsh\Local Sites\teacher-training-program\app\public\wp-content\plugins\teacher-training-core\teacher-training-core.php on line 26
[07-Jul-2026 11:36:09 UTC] PHP Fatal error:  Uncaught Error: Failed opening required 'C:\Users\adarsh\Local Sites\teacher-training-program\app\public\wp-content\plugins\teacher-training-core/includes/shortcodes-certificates.php' (include_path='.:/usr/share/php:/www/wp-content/pear') in C:\Users\adarsh\Local Sites\teacher-training-program\app\public\wp-content\plugins\teacher-training-core\teacher-training-core.php:26
Stack trace:
#0 C:\Users\adarsh\Local Sites\teacher-training-program\app\public\wp-settings.php(589): include_once()
#1 C:\Users\adarsh\Local Sites\teacher-training-program\app\public\wp-config.php(103): require_once('C:\\Users\\adarsh...')
#2 C:\Users\adarsh\Local Sites\teacher-training-program\app\public\wp-load.php(50): require_once('C:\\Users\\adarsh...')
#3 C:\Users\adarsh\Local Sites\teacher-training-program\app\public\wp-admin\admin.php(35): require_once('C:\\Users\\adarsh...')
#4 {main}
  thrown in C:\Users\adarsh\Local Sites\teacher-training-program\app\public\wp-content\plugins\teacher-training-core\teacher-training-core.php on line 26
[07-Jul-2026 11:36:09 UTC] PHP Warning:  require_once(C:\Users\adarsh\Local Sites\teacher-training-program\app\public\wp-content\plugins\teacher-training-core/includes/shortcodes-certificates.php): Failed to open stream: No such file or directory in C:\Users\adarsh\Local Sites\teacher-training-program\app\public\wp-content\plugins\teacher-training-core\teacher-training-core.php on line 26
[07-Jul-2026 11:36:09 UTC] PHP Fatal error:  Uncaught Error: Failed opening required 'C:\Users\adarsh\Local Sites\teacher-training-program\app\public\wp-content\plugins\teacher-training-core/includes/shortcodes-certificates.php' (include_path='.:/usr/share/php:/www/wp-content/pear') in C:\Users\adarsh\Local Sites\teacher-training-program\app\public\wp-content\plugins\teacher-training-core\teacher-training-core.php:26
Stack trace:
#0 C:\Users\adarsh\Local Sites\teacher-training-program\app\public\wp-settings.php(589): include_once()
#1 C:\Users\adarsh\Local Sites\teacher-training-program\app\public\wp-config.php(103): require_once('C:\\Users\\adarsh...')
#2 C:\Users\adarsh\Local Sites\teacher-training-program\app\public\wp-load.php(50): require_once('C:\\Users\\adarsh...')
#3 C:\Users\adarsh\Local Sites\teacher-training-program\app\public\wp-admin\admin.php(35): require_once('C:\\Users\\adarsh...')
#4 {main}
  thrown in C:\Users\adarsh\Local Sites\teacher-training-program\app\public\wp-content\plugins\teacher-training-core\teacher-training-core.php on line 26
[07-Jul-2026 11:36:09 UTC] PHP Warning:  require_once(C:\Users\adarsh\Local Sites\teacher-training-program\app\public\wp-content\plugins\teacher-training-core/includes/shortcodes-certificates.php): Failed to open stream: No such file or directory in C:\Users\adarsh\Local Sites\teacher-training-program\app\public\wp-content\plugins\teacher-training-core\teacher-training-core.php on line 26
[07-Jul-2026 11:36:09 UTC] PHP Fatal error:  Uncaught Error: Failed opening required 'C:\Users\adarsh\Local Sites\teacher-training-program\app\public\wp-content\plugins\teacher-training-core/includes/shortcodes-certificates.php' (include_path='.:/usr/share/php:/www/wp-content/pear') in C:\Users\adarsh\Local Sites\teacher-training-program\app\public\wp-content\plugins\teacher-training-core\teacher-training-core.php:26
Stack trace:
#0 C:\Users\adarsh\Local Sites\teacher-training-program\app\public\wp-settings.php(589): include_once()
#1 C:\Users\adarsh\Local Sites\teacher-training-program\app\public\wp-config.php(103): require_once('C:\\Users\\adarsh...')
#2 C:\Users\adarsh\Local Sites\teacher-training-program\app\public\wp-load.php(50): require_once('C:\\Users\\adarsh...')
#3 C:\Users\adarsh\Local Sites\teacher-training-program\app\public\wp-blog-header.php(13): require_once('C:\\Users\\adarsh...')
#4 C:\Users\adarsh\Local Sites\teacher-training-program\app\public\index.php(17): require('C:\\Users\\adarsh...')
#5 {main}
  thrown in C:\Users\adarsh\Local Sites\teacher-training-program\app\public\wp-content\plugins\teacher-training-core\teacher-training-core.php on line 26
[07-Jul-2026 11:36:24 UTC] PHP Warning:  require_once(C:\Users\adarsh\Local Sites\teacher-training-program\app\public\wp-content\plugins\teacher-training-core/includes/shortcodes-certificates.php): Failed to open stream: No such file or directory in C:\Users\adarsh\Local Sites\teacher-training-program\app\public\wp-content\plugins\teacher-training-core\teacher-training-core.php on line 26
[07-Jul-2026 11:36:24 UTC] PHP Fatal error:  Uncaught Error: Failed opening required 'C:\Users\adarsh\Local Sites\teacher-training-program\app\public\wp-content\plugins\teacher-training-core/includes/shortcodes-certificates.php' (include_path='.:/usr/share/php:/www/wp-content/pear') in C:\Users\adarsh\Local Sites\teacher-training-program\app\public\wp-content\plugins\teacher-training-core\teacher-training-core.php:26
Stack trace:
#0 C:\Users\adarsh\Local Sites\teacher-training-program\app\public\wp-settings.php(589): include_once()
#1 C:\Users\adarsh\Local Sites\teacher-training-program\app\public\wp-config.php(103): require_once('C:\\Users\\adarsh...')
#2 C:\Users\adarsh\Local Sites\teacher-training-program\app\public\wp-load.php(50): require_once('C:\\Users\\adarsh...')
#3 C:\Users\adarsh\Local Sites\teacher-training-program\app\public\wp-admin\admin.php(35): require_once('C:\\Users\\adarsh...')
#4 C:\Users\adarsh\Local Sites\teacher-training-program\app\public\wp-admin\index.php(10): require_once('C:\\Users\\adarsh...')
#5 {main}
  thrown in C:\Users\adarsh\Local Sites\teacher-training-program\app\public\wp-content\plugins\teacher-training-core\teacher-training-core.php on line 26
[07-Jul-2026 11:36:24 UTC] PHP Warning:  require_once(C:\Users\adarsh\Local Sites\teacher-training-program\app\public\wp-content\plugins\teacher-training-core/includes/shortcodes-certificates.php): Failed to open stream: No such file or directory in C:\Users\adarsh\Local Sites\teacher-training-program\app\public\wp-content\plugins\teacher-training-core\teacher-training-core.php on line 26
[07-Jul-2026 11:36:24 UTC] PHP Fatal error:  Uncaught Error: Failed opening required 'C:\Users\adarsh\Local Sites\teacher-training-program\app\public\wp-content\plugins\teacher-training-core/includes/shortcodes-certificates.php' (include_path='.:/usr/share/php:/www/wp-content/pear') in C:\Users\adarsh\Local Sites\teacher-training-program\app\public\wp-content\plugins\teacher-training-core\teacher-training-core.php:26
Stack trace:
#0 C:\Users\adarsh\Local Sites\teacher-training-program\app\public\wp-settings.php(589): include_once()
#1 C:\Users\adarsh\Local Sites\teacher-training-program\app\public\wp-config.php(103): require_once('C:\\Users\\adarsh...')
#2 C:\Users\adarsh\Local Sites\teacher-training-program\app\public\wp-load.php(50): require_once('C:\\Users\\adarsh...')
#3 C:\Users\adarsh\Local Sites\teacher-training-program\app\public\wp-blog-header.php(13): require_once('C:\\Users\\adarsh...')
#4 C:\Users\adarsh\Local Sites\teacher-training-program\app\public\index.php(17): require('C:\\Users\\adarsh...')
#5 {main}
  thrown in C:\Users\adarsh\Local Sites\teacher-training-program\app\public\wp-content\plugins\teacher-training-core\teacher-training-core.php on line 26
[07-Jul-2026 11:37:06 UTC] PHP Warning:  Undefined variable $user in C:\Users\adarsh\Local Sites\teacher-training-program\app\public\build-certificate-module.php on line 132
[07-Jul-2026 11:37:06 UTC] PHP Warning:  Attempt to read property "display_name" on null in C:\Users\adarsh\Local Sites\teacher-training-program\app\public\build-certificate-module.php on line 132
[07-Jul-2026 11:37:06 UTC] PHP Warning:  Undefined variable $course_title in C:\Users\adarsh\Local Sites\teacher-training-program\app\public\build-certificate-module.php on line 134
[07-Jul-2026 11:37:06 UTC] PHP Warning:  Undefined variable $date in C:\Users\adarsh\Local Sites\teacher-training-program\app\public\build-certificate-module.php on line 142
[07-Jul-2026 11:37:06 UTC] PHP Warning:  Undefined variable $hash in C:\Users\adarsh\Local Sites\teacher-training-program\app\public\build-certificate-module.php on line 149
[07-Jul-2026 11:37:06 UTC] PHP Warning:  Undefined variable $hash in C:\Users\adarsh\Local Sites\teacher-training-program\app\public\build-certificate-module.php on line 159
[07-Jul-2026 11:40:50 UTC] WordPress database error Table 'local.wp_bp_groups' doesn't exist for query SELECT DISTINCT g.id FROM wp_bp_groups g WHERE g.slug IN ('mentor','discussion') ORDER BY g.date_created DESC LIMIT 0, 1 made by groups_get_id, BP_Groups_Group::group_exists, BP_Groups_Group::get
[07-Jul-2026 11:40:50 UTC] WordPress database error Table 'local.wp_bp_groups' doesn't exist for query SELECT COUNT(DISTINCT g.id) FROM wp_bp_groups g WHERE g.slug IN ('mentor','discussion') made by groups_get_id, BP_Groups_Group::group_exists, BP_Groups_Group::get
[07-Jul-2026 11:40:50 UTC] WordPress database error Table 'local.wp_bp_groups' doesn't exist for query SELECT slug FROM wp_bp_groups WHERE slug = 'mentor-discussion' made by groups_create_group, BP_Groups_Group->save, groups_check_slug, BP_Groups_Group::check_slug
[07-Jul-2026 11:40:50 UTC] WordPress database error Table 'local.wp_bp_groups' doesn't exist for query INSERT INTO wp_bp_groups (
					creator_id,
					name,
					slug,
					description,
					status,
					parent_id,
					enable_forum,
					date_created
				) VALUES (
					1, 'Mentor Discussion', 'mentor-discussion', 'A private space for Mentors to collaborate.', 'private', 0, 1, '2026-07-07 17:10:50'
				) made by groups_create_group, BP_Groups_Group->save
[07-Jul-2026 11:40:50 UTC] WordPress database error Table 'local.wp_bp_groups' doesn't exist for query SELECT DISTINCT g.id FROM wp_bp_groups g WHERE g.slug IN ('student','groups') ORDER BY g.date_created DESC LIMIT 0, 1 made by groups_get_id, BP_Groups_Group::group_exists, BP_Groups_Group::get
[07-Jul-2026 11:40:50 UTC] WordPress database error Table 'local.wp_bp_groups' doesn't exist for query SELECT COUNT(DISTINCT g.id) FROM wp_bp_groups g WHERE g.slug IN ('student','groups') made by groups_get_id, BP_Groups_Group::group_exists, BP_Groups_Group::get
[07-Jul-2026 11:40:50 UTC] WordPress database error Table 'local.wp_bp_groups' doesn't exist for query SELECT slug FROM wp_bp_groups WHERE slug = 'student-groups' made by groups_create_group, BP_Groups_Group->save, groups_check_slug, BP_Groups_Group::check_slug
[07-Jul-2026 11:40:50 UTC] WordPress database error Table 'local.wp_bp_groups' doesn't exist for query INSERT INTO wp_bp_groups (
					creator_id,
					name,
					slug,
					description,
					status,
					parent_id,
					enable_forum,
					date_created
				) VALUES (
					1, 'Student Groups', 'student-groups', 'A cohort collaboration space.', 'public', 0, 1, '2026-07-07 17:10:50'
				) made by groups_create_group, BP_Groups_Group->save
[07-Jul-2026 11:40:50 UTC] WordPress database error Table 'local.wp_bp_groups' doesn't exist for query SELECT DISTINCT g.id FROM wp_bp_groups g WHERE g.slug IN ('announcements') ORDER BY g.date_created DESC LIMIT 0, 1 made by groups_get_id, BP_Groups_Group::group_exists, BP_Groups_Group::get
[07-Jul-2026 11:40:50 UTC] WordPress database error Table 'local.wp_bp_groups' doesn't exist for query SELECT COUNT(DISTINCT g.id) FROM wp_bp_groups g WHERE g.slug IN ('announcements') made by groups_get_id, BP_Groups_Group::group_exists, BP_Groups_Group::get
[07-Jul-2026 11:40:50 UTC] WordPress database error Table 'local.wp_bp_groups' doesn't exist for query SELECT slug FROM wp_bp_groups WHERE slug = 'announcements' made by groups_create_group, BP_Groups_Group->save, groups_check_slug, BP_Groups_Group::check_slug
[07-Jul-2026 11:40:50 UTC] WordPress database error Table 'local.wp_bp_groups' doesn't exist for query INSERT INTO wp_bp_groups (
					creator_id,
					name,
					slug,
					description,
					status,
					parent_id,
					enable_forum,
					date_created
				) VALUES (
					1, 'Announcements', 'announcements', 'Platform-wide announcements.', 'public', 0, 1, '2026-07-07 17:10:50'
				) made by groups_create_group, BP_Groups_Group->save
[07-Jul-2026 11:50:16 UTC] PHP Fatal error:  Uncaught Error: Call to undefined function get_field() in C:\Users\adarsh\Local Sites\teacher-training-program\app\public\wp-content\plugins\teacher-training-core\includes\shortcodes-attendance.php:76
Stack trace:
#0 C:\Users\adarsh\Local Sites\teacher-training-program\app\public\build-attendance-test.php(12): ttp_calculate_attendance(3)
#1 {main}
  thrown in C:\Users\adarsh\Local Sites\teacher-training-program\app\public\wp-content\plugins\teacher-training-core\includes\shortcodes-attendance.php on line 76
[07-Jul-2026 11:58:46 UTC] WordPress database error Table 'local.wp_bp_notifications' doesn't exist for query SELECT n.* FROM wp_bp_notifications n   WHERE user_id IN (3) AND item_id IN (1) AND secondary_item_id IN (1) AND component_name IN ('groups') AND component_action IN ('new_announcement') AND is_new = 1   made by bp_notifications_add_notification, BP_Notifications_Notification::get
[07-Jul-2026 11:58:46 UTC] WordPress database error Table 'local.wp_bp_notifications' doesn't exist for query SHOW FULL COLUMNS FROM `wp_bp_notifications` made by bp_notifications_add_notification, BP_Notifications_Notification->save, BP_Notifications_Notification::_insert
[07-Jul-2026 11:58:46 UTC] WordPress database error Table 'local.wp_bp_notifications' doesn't exist for query SELECT n.* FROM wp_bp_notifications n   WHERE user_id IN (3) AND item_id IN (1) AND secondary_item_id IN (1) AND component_name IN ('groups') AND component_action IN ('membership_request_accepted') AND is_new = 1   made by bp_notifications_add_notification, BP_Notifications_Notification::get
[07-Jul-2026 11:58:46 UTC] WordPress database error Table 'local.wp_bp_notifications' doesn't exist for query SHOW FULL COLUMNS FROM `wp_bp_notifications` made by bp_notifications_add_notification, BP_Notifications_Notification->save, BP_Notifications_Notification::_insert
[07-Jul-2026 12:01:37 UTC] WordPress database error Table 'local.wp_bp_groups' doesn't exist for query SELECT DISTINCT g.id FROM wp_bp_groups g WHERE g.id IN (0) ORDER BY g.date_created DESC  made by require_once('wp-admin/admin-header.php'), do_action('in_admin_header'), WP_Hook->do_action, WP_Hook->apply_filters, wp_admin_bar_render, do_action_ref_array('admin_bar_menu'), WP_Hook->do_action, WP_Hook->apply_filters, bp_setup_admin_bar, do_action('bp_setup_admin_bar'), WP_Hook->do_action, WP_Hook->apply_filters, BP_Groups_Component->setup_admin_bar, groups_get_invite_count_for_user, groups_get_invites_for_user, groups_get_groups, BP_Groups_Group::get
[07-Jul-2026 12:01:37 UTC] WordPress database error Table 'local.wp_bp_groups' doesn't exist for query SELECT COUNT(DISTINCT g.id) FROM wp_bp_groups g WHERE g.id IN (0) made by require_once('wp-admin/admin-header.php'), do_action('in_admin_header'), WP_Hook->do_action, WP_Hook->apply_filters, wp_admin_bar_render, do_action_ref_array('admin_bar_menu'), WP_Hook->do_action, WP_Hook->apply_filters, bp_setup_admin_bar, do_action('bp_setup_admin_bar'), WP_Hook->do_action, WP_Hook->apply_filters, BP_Groups_Component->setup_admin_bar, groups_get_invite_count_for_user, groups_get_invites_for_user, groups_get_groups, BP_Groups_Group::get
[07-Jul-2026 12:03:18 UTC] PHP Warning:  Undefined array key "description" in C:\Users\adarsh\Local Sites\teacher-training-program\app\public\wp-content\plugins\woo-razorpay\checkout-block.php on line 42
[07-Jul-2026 12:09:42 UTC] PHP Warning:  Undefined array key "description" in C:\Users\adarsh\Local Sites\teacher-training-program\app\public\wp-content\plugins\woo-razorpay\checkout-block.php on line 42
[07-Jul-2026 12:09:51 UTC] PHP Warning:  Undefined array key "description" in C:\Users\adarsh\Local Sites\teacher-training-program\app\public\wp-content\plugins\woo-razorpay\checkout-block.php on line 42
[07-Jul-2026 12:09:57 UTC] PHP Warning:  Undefined array key "description" in C:\Users\adarsh\Local Sites\teacher-training-program\app\public\wp-content\plugins\woo-razorpay\checkout-block.php on line 42
[07-Jul-2026 12:10:01 UTC] PHP Warning:  Undefined array key "description" in C:\Users\adarsh\Local Sites\teacher-training-program\app\public\wp-content\plugins\woo-razorpay\checkout-block.php on line 42
[07-Jul-2026 12:10:21 UTC] PHP Warning:  Undefined array key "description" in C:\Users\adarsh\Local Sites\teacher-training-program\app\public\wp-content\plugins\woo-razorpay\checkout-block.php on line 42
[07-Jul-2026 12:10:55 UTC] PHP Warning:  Undefined array key "description" in C:\Users\adarsh\Local Sites\teacher-training-program\app\public\wp-content\plugins\woo-razorpay\checkout-block.php on line 42
[07-Jul-2026 12:11:00 UTC] PHP Warning:  Undefined array key "description" in C:\Users\adarsh\Local Sites\teacher-training-program\app\public\wp-content\plugins\woo-razorpay\checkout-block.php on line 42
[07-Jul-2026 12:12:57 UTC] PHP Warning:  Undefined array key "description" in C:\Users\adarsh\Local Sites\teacher-training-program\app\public\wp-content\plugins\woo-razorpay\checkout-block.php on line 42
[07-Jul-2026 12:16:17 UTC] There aren't users with empty `account_status`. Maybe some users were approved manually or deleted.
[07-Jul-2026 12:29:18 UTC] PHP Warning:  Undefined array key "description" in C:\Users\adarsh\Local Sites\teacher-training-program\app\public\wp-content\plugins\woo-razorpay\checkout-block.php on line 42
[07-Jul-2026 12:29:39 UTC] PHP Warning:  Undefined array key "description" in C:\Users\adarsh\Local Sites\teacher-training-program\app\public\wp-content\plugins\woo-razorpay\checkout-block.php on line 42
[07-Jul-2026 12:29:39 UTC] PHP Warning:  Attempt to read property "ID" on bool in C:\Users\adarsh\Local Sites\teacher-training-program\app\public\wp-content\plugins\tutor\templates\single\course\lead-info.php on line 21
[07-Jul-2026 12:30:25 UTC] PHP Warning:  Undefined array key "description" in C:\Users\adarsh\Local Sites\teacher-training-program\app\public\wp-content\plugins\woo-razorpay\checkout-block.php on line 42
[07-Jul-2026 12:30:26 UTC] PHP Warning:  Attempt to read property "ID" on bool in C:\Users\adarsh\Local Sites\teacher-training-program\app\public\wp-content\plugins\tutor\templates\loop\meta.php on line 16
[07-Jul-2026 12:30:39 UTC] PHP Warning:  Undefined array key "description" in C:\Users\adarsh\Local Sites\teacher-training-program\app\public\wp-content\plugins\woo-razorpay\checkout-block.php on line 42
[07-Jul-2026 12:30:39 UTC] PHP Warning:  Attempt to read property "ID" on bool in C:\Users\adarsh\Local Sites\teacher-training-program\app\public\wp-content\plugins\tutor\templates\single\course\lead-info.php on line 21
[07-Jul-2026 12:33:48 UTC] PHP Warning:  Undefined array key "description" in C:\Users\adarsh\Local Sites\teacher-training-program\app\public\wp-content\plugins\woo-razorpay\checkout-block.php on line 42
[07-Jul-2026 12:57:31 UTC] WordPress database error Table 'local.wp_bp_messages_notices' doesn't exist for query SELECT id FROM wp_bp_messages_notices WHERE is_active = 1 made by require('wp-blog-header.php'), require_once('wp-includes/template-loader.php'), include('/themes/kadence/page.php'), get_header, locate_template, load_template, require_once('/themes/kadence/header.php'), wp_body_open, do_action('wp_body_open'), WP_Hook->do_action, WP_Hook->apply_filters, wp_admin_bar_render, do_action_ref_array('admin_bar_menu'), WP_Hook->do_action, WP_Hook->apply_filters, bp_members_admin_bar_notifications_menu_priority, bp_members_admin_bar_notifications_menu, bp_notifications_toolbar_menu, bp_notifications_get_notifications_for_user, apply_filters('bp_core_get_notifications_for_user'), WP_Hook->apply_filters, bp_nouveau_add_notice_notification_for_user, BP_Messages_Notice::get_active
[07-Jul-2026 12:57:31 UTC] WordPress database error Table 'local.wp_bp_messages_recipients' doesn't exist for query SELECT SUM(unread_count) FROM wp_bp_messages_recipients WHERE user_id = 1 AND is_deleted = 0 AND sender_only = 0 made by require('wp-blog-header.php'), require_once('wp-includes/template-loader.php'), include('/themes/kadence/page.php'), get_header, locate_template, load_template, require_once('/themes/kadence/header.php'), wp_body_open, do_action('wp_body_open'), WP_Hook->do_action, WP_Hook->apply_filters, wp_admin_bar_render, do_action_ref_array('admin_bar_menu'), WP_Hook->do_action, WP_Hook->apply_filters, bp_setup_admin_bar, do_action('bp_setup_admin_bar'), WP_Hook->do_action, WP_Hook->apply_filters, BP_Messages_Component->setup_admin_bar, messages_get_unread_count, BP_Messages_Thread::get_inbox_count
[07-Jul-2026 12:57:31 UTC] WordPress database error Table 'local.wp_bp_groups' doesn't exist for query SELECT DISTINCT g.id FROM wp_bp_groups g WHERE g.id IN (0) ORDER BY g.date_created DESC  made by require('wp-blog-header.php'), require_once('wp-includes/template-loader.php'), include('/themes/kadence/page.php'), get_header, locate_template, load_template, require_once('/themes/kadence/header.php'), wp_body_open, do_action('wp_body_open'), WP_Hook->do_action, WP_Hook->apply_filters, wp_admin_bar_render, do_action_ref_array('admin_bar_menu'), WP_Hook->do_action, WP_Hook->apply_filters, bp_setup_admin_bar, do_action('bp_setup_admin_bar'), WP_Hook->do_action, WP_Hook->apply_filters, BP_Groups_Component->setup_admin_bar, groups_get_invite_count_for_user, groups_get_invites_for_user, groups_get_groups, BP_Groups_Group::get
[07-Jul-2026 12:57:31 UTC] WordPress database error Table 'local.wp_bp_groups' doesn't exist for query SELECT COUNT(DISTINCT g.id) FROM wp_bp_groups g WHERE g.id IN (0) made by require('wp-blog-header.php'), require_once('wp-includes/template-loader.php'), include('/themes/kadence/page.php'), get_header, locate_template, load_template, require_once('/themes/kadence/header.php'), wp_body_open, do_action('wp_body_open'), WP_Hook->do_action, WP_Hook->apply_filters, wp_admin_bar_render, do_action_ref_array('admin_bar_menu'), WP_Hook->do_action, WP_Hook->apply_filters, bp_setup_admin_bar, do_action('bp_setup_admin_bar'), WP_Hook->do_action, WP_Hook->apply_filters, BP_Groups_Component->setup_admin_bar, groups_get_invite_count_for_user, groups_get_invites_for_user, groups_get_groups, BP_Groups_Group::get
[07-Jul-2026 12:58:06 UTC] WordPress database error Table 'local.wp_bp_messages_notices' doesn't exist for query SELECT id FROM wp_bp_messages_notices WHERE is_active = 1 made by require_once('wp-admin/admin-header.php'), do_action('in_admin_header'), WP_Hook->do_action, WP_Hook->apply_filters, wp_admin_bar_render, do_action_ref_array('admin_bar_menu'), WP_Hook->do_action, WP_Hook->apply_filters, bp_members_admin_bar_notifications_menu_priority, bp_members_admin_bar_notifications_menu, bp_notifications_toolbar_menu, bp_notifications_get_notifications_for_user, apply_filters('bp_core_get_notifications_for_user'), WP_Hook->apply_filters, bp_nouveau_add_notice_notification_for_user, BP_Messages_Notice::get_active
[07-Jul-2026 12:58:06 UTC] WordPress database error Table 'local.wp_bp_messages_recipients' doesn't exist for query SELECT SUM(unread_count) FROM wp_bp_messages_recipients WHERE user_id = 1 AND is_deleted = 0 AND sender_only = 0 made by require_once('wp-admin/admin-header.php'), do_action('in_admin_header'), WP_Hook->do_action, WP_Hook->apply_filters, wp_admin_bar_render, do_action_ref_array('admin_bar_menu'), WP_Hook->do_action, WP_Hook->apply_filters, bp_setup_admin_bar, do_action('bp_setup_admin_bar'), WP_Hook->do_action, WP_Hook->apply_filters, BP_Messages_Component->setup_admin_bar, messages_get_unread_count, BP_Messages_Thread::get_inbox_count
[07-Jul-2026 12:58:06 UTC] WordPress database error Table 'local.wp_bp_groups' doesn't exist for query SELECT DISTINCT g.id FROM wp_bp_groups g WHERE g.id IN (0) ORDER BY g.date_created DESC  made by require_once('wp-admin/admin-header.php'), do_action('in_admin_header'), WP_Hook->do_action, WP_Hook->apply_filters, wp_admin_bar_render, do_action_ref_array('admin_bar_menu'), WP_Hook->do_action, WP_Hook->apply_filters, bp_setup_admin_bar, do_action('bp_setup_admin_bar'), WP_Hook->do_action, WP_Hook->apply_filters, BP_Groups_Component->setup_admin_bar, groups_get_invite_count_for_user, groups_get_invites_for_user, groups_get_groups, BP_Groups_Group::get
[07-Jul-2026 12:58:06 UTC] WordPress database error Table 'local.wp_bp_groups' doesn't exist for query SELECT COUNT(DISTINCT g.id) FROM wp_bp_groups g WHERE g.id IN (0) made by require_once('wp-admin/admin-header.php'), do_action('in_admin_header'), WP_Hook->do_action, WP_Hook->apply_filters, wp_admin_bar_render, do_action_ref_array('admin_bar_menu'), WP_Hook->do_action, WP_Hook->apply_filters, bp_setup_admin_bar, do_action('bp_setup_admin_bar'), WP_Hook->do_action, WP_Hook->apply_filters, BP_Groups_Component->setup_admin_bar, groups_get_invite_count_for_user, groups_get_invites_for_user, groups_get_groups, BP_Groups_Group::get
[07-Jul-2026 13:23:47 UTC] WordPress database error Table 'local.wp_bp_messages_notices' doesn't exist for query SELECT id FROM wp_bp_messages_notices WHERE is_active = 1 made by require_once('wp-admin/admin-header.php'), do_action('in_admin_header'), WP_Hook->do_action, WP_Hook->apply_filters, wp_admin_bar_render, do_action_ref_array('admin_bar_menu'), WP_Hook->do_action, WP_Hook->apply_filters, bp_members_admin_bar_notifications_menu_priority, bp_members_admin_bar_notifications_menu, bp_notifications_toolbar_menu, bp_notifications_get_notifications_for_user, apply_filters('bp_core_get_notifications_for_user'), WP_Hook->apply_filters, bp_nouveau_add_notice_notification_for_user, BP_Messages_Notice::get_active
[07-Jul-2026 13:23:47 UTC] WordPress database error Table 'local.wp_bp_messages_recipients' doesn't exist for query SELECT SUM(unread_count) FROM wp_bp_messages_recipients WHERE user_id = 1 AND is_deleted = 0 AND sender_only = 0 made by require_once('wp-admin/admin-header.php'), do_action('in_admin_header'), WP_Hook->do_action, WP_Hook->apply_filters, wp_admin_bar_render, do_action_ref_array('admin_bar_menu'), WP_Hook->do_action, WP_Hook->apply_filters, bp_setup_admin_bar, do_action('bp_setup_admin_bar'), WP_Hook->do_action, WP_Hook->apply_filters, BP_Messages_Component->setup_admin_bar, messages_get_unread_count, BP_Messages_Thread::get_inbox_count
[07-Jul-2026 13:23:47 UTC] WordPress database error Table 'local.wp_bp_groups' doesn't exist for query SELECT DISTINCT g.id FROM wp_bp_groups g WHERE g.id IN (0) ORDER BY g.date_created DESC  made by require_once('wp-admin/admin-header.php'), do_action('in_admin_header'), WP_Hook->do_action, WP_Hook->apply_filters, wp_admin_bar_render, do_action_ref_array('admin_bar_menu'), WP_Hook->do_action, WP_Hook->apply_filters, bp_setup_admin_bar, do_action('bp_setup_admin_bar'), WP_Hook->do_action, WP_Hook->apply_filters, BP_Groups_Component->setup_admin_bar, groups_get_invite_count_for_user, groups_get_invites_for_user, groups_get_groups, BP_Groups_Group::get
[07-Jul-2026 13:23:47 UTC] WordPress database error Table 'local.wp_bp_groups' doesn't exist for query SELECT COUNT(DISTINCT g.id) FROM wp_bp_groups g WHERE g.id IN (0) made by require_once('wp-admin/admin-header.php'), do_action('in_admin_header'), WP_Hook->do_action, WP_Hook->apply_filters, wp_admin_bar_render, do_action_ref_array('admin_bar_menu'), WP_Hook->do_action, WP_Hook->apply_filters, bp_setup_admin_bar, do_action('bp_setup_admin_bar'), WP_Hook->do_action, WP_Hook->apply_filters, BP_Groups_Component->setup_admin_bar, groups_get_invite_count_for_user, groups_get_invites_for_user, groups_get_groups, BP_Groups_Group::get
[07-Jul-2026 13:24:12 UTC] WordPress database error Table 'local.wp_bp_messages_notices' doesn't exist for query SELECT id FROM wp_bp_messages_notices WHERE is_active = 1 made by require('wp-blog-header.php'), require_once('wp-includes/template-loader.php'), include('/themes/kadence/page.php'), get_header, locate_template, load_template, require_once('/themes/kadence/header.php'), wp_body_open, do_action('wp_body_open'), WP_Hook->do_action, WP_Hook->apply_filters, wp_admin_bar_render, do_action_ref_array('admin_bar_menu'), WP_Hook->do_action, WP_Hook->apply_filters, bp_members_admin_bar_notifications_menu_priority, bp_members_admin_bar_notifications_menu, bp_notifications_toolbar_menu, bp_notifications_get_notifications_for_user, apply_filters('bp_core_get_notifications_for_user'), WP_Hook->apply_filters, bp_nouveau_add_notice_notification_for_user, BP_Messages_Notice::get_active
[07-Jul-2026 13:24:12 UTC] WordPress database error Table 'local.wp_bp_messages_recipients' doesn't exist for query SELECT SUM(unread_count) FROM wp_bp_messages_recipients WHERE user_id = 1 AND is_deleted = 0 AND sender_only = 0 made by require('wp-blog-header.php'), require_once('wp-includes/template-loader.php'), include('/themes/kadence/page.php'), get_header, locate_template, load_template, require_once('/themes/kadence/header.php'), wp_body_open, do_action('wp_body_open'), WP_Hook->do_action, WP_Hook->apply_filters, wp_admin_bar_render, do_action_ref_array('admin_bar_menu'), WP_Hook->do_action, WP_Hook->apply_filters, bp_setup_admin_bar, do_action('bp_setup_admin_bar'), WP_Hook->do_action, WP_Hook->apply_filters, BP_Messages_Component->setup_admin_bar, messages_get_unread_count, BP_Messages_Thread::get_inbox_count
[07-Jul-2026 13:24:12 UTC] WordPress database error Table 'local.wp_bp_groups' doesn't exist for query SELECT DISTINCT g.id FROM wp_bp_groups g WHERE g.id IN (0) ORDER BY g.date_created DESC  made by require('wp-blog-header.php'), require_once('wp-includes/template-loader.php'), include('/themes/kadence/page.php'), get_header, locate_template, load_template, require_once('/themes/kadence/header.php'), wp_body_open, do_action('wp_body_open'), WP_Hook->do_action, WP_Hook->apply_filters, wp_admin_bar_render, do_action_ref_array('admin_bar_menu'), WP_Hook->do_action, WP_Hook->apply_filters, bp_setup_admin_bar, do_action('bp_setup_admin_bar'), WP_Hook->do_action, WP_Hook->apply_filters, BP_Groups_Component->setup_admin_bar, groups_get_invite_count_for_user, groups_get_invites_for_user, groups_get_groups, BP_Groups_Group::get
[07-Jul-2026 13:24:12 UTC] WordPress database error Table 'local.wp_bp_groups' doesn't exist for query SELECT COUNT(DISTINCT g.id) FROM wp_bp_groups g WHERE g.id IN (0) made by require('wp-blog-header.php'), require_once('wp-includes/template-loader.php'), include('/themes/kadence/page.php'), get_header, locate_template, load_template, require_once('/themes/kadence/header.php'), wp_body_open, do_action('wp_body_open'), WP_Hook->do_action, WP_Hook->apply_filters, wp_admin_bar_render, do_action_ref_array('admin_bar_menu'), WP_Hook->do_action, WP_Hook->apply_filters, bp_setup_admin_bar, do_action('bp_setup_admin_bar'), WP_Hook->do_action, WP_Hook->apply_filters, BP_Groups_Component->setup_admin_bar, groups_get_invite_count_for_user, groups_get_invites_for_user, groups_get_groups, BP_Groups_Group::get
[07-Jul-2026 13:27:05 UTC] WordPress database error Table 'local.wp_bp_messages_notices' doesn't exist for query SELECT id FROM wp_bp_messages_notices WHERE is_active = 1 made by require('wp-blog-header.php'), require_once('wp-includes/template-loader.php'), include('/themes/kadence/page.php'), get_header, locate_template, load_template, require_once('/themes/kadence/header.php'), wp_body_open, do_action('wp_body_open'), WP_Hook->do_action, WP_Hook->apply_filters, wp_admin_bar_render, do_action_ref_array('admin_bar_menu'), WP_Hook->do_action, WP_Hook->apply_filters, bp_members_admin_bar_notifications_menu_priority, bp_members_admin_bar_notifications_menu, bp_notifications_toolbar_menu, bp_notifications_get_notifications_for_user, apply_filters('bp_core_get_notifications_for_user'), WP_Hook->apply_filters, bp_nouveau_add_notice_notification_for_user, BP_Messages_Notice::get_active
[07-Jul-2026 13:27:05 UTC] WordPress database error Table 'local.wp_bp_messages_recipients' doesn't exist for query SELECT SUM(unread_count) FROM wp_bp_messages_recipients WHERE user_id = 1 AND is_deleted = 0 AND sender_only = 0 made by require('wp-blog-header.php'), require_once('wp-includes/template-loader.php'), include('/themes/kadence/page.php'), get_header, locate_template, load_template, require_once('/themes/kadence/header.php'), wp_body_open, do_action('wp_body_open'), WP_Hook->do_action, WP_Hook->apply_filters, wp_admin_bar_render, do_action_ref_array('admin_bar_menu'), WP_Hook->do_action, WP_Hook->apply_filters, bp_setup_admin_bar, do_action('bp_setup_admin_bar'), WP_Hook->do_action, WP_Hook->apply_filters, BP_Messages_Component->setup_admin_bar, messages_get_unread_count, BP_Messages_Thread::get_inbox_count
[07-Jul-2026 13:27:05 UTC] WordPress database error Table 'local.wp_bp_groups' doesn't exist for query SELECT DISTINCT g.id FROM wp_bp_groups g WHERE g.id IN (0) ORDER BY g.date_created DESC  made by require('wp-blog-header.php'), require_once('wp-includes/template-loader.php'), include('/themes/kadence/page.php'), get_header, locate_template, load_template, require_once('/themes/kadence/header.php'), wp_body_open, do_action('wp_body_open'), WP_Hook->do_action, WP_Hook->apply_filters, wp_admin_bar_render, do_action_ref_array('admin_bar_menu'), WP_Hook->do_action, WP_Hook->apply_filters, bp_setup_admin_bar, do_action('bp_setup_admin_bar'), WP_Hook->do_action, WP_Hook->apply_filters, BP_Groups_Component->setup_admin_bar, groups_get_invite_count_for_user, groups_get_invites_for_user, groups_get_groups, BP_Groups_Group::get
[07-Jul-2026 13:27:05 UTC] WordPress database error Table 'local.wp_bp_groups' doesn't exist for query SELECT COUNT(DISTINCT g.id) FROM wp_bp_groups g WHERE g.id IN (0) made by require('wp-blog-header.php'), require_once('wp-includes/template-loader.php'), include('/themes/kadence/page.php'), get_header, locate_template, load_template, require_once('/themes/kadence/header.php'), wp_body_open, do_action('wp_body_open'), WP_Hook->do_action, WP_Hook->apply_filters, wp_admin_bar_render, do_action_ref_array('admin_bar_menu'), WP_Hook->do_action, WP_Hook->apply_filters, bp_setup_admin_bar, do_action('bp_setup_admin_bar'), WP_Hook->do_action, WP_Hook->apply_filters, BP_Groups_Component->setup_admin_bar, groups_get_invite_count_for_user, groups_get_invites_for_user, groups_get_groups, BP_Groups_Group::get
[07-Jul-2026 13:27:05 UTC] PHP Warning:  Array to string conversion in C:\Users\adarsh\Local Sites\teacher-training-program\app\public\wp-includes\formatting.php on line 1128
[07-Jul-2026 13:27:44 UTC] WordPress database error Table 'local.wp_bp_messages_notices' doesn't exist for query SELECT id FROM wp_bp_messages_notices WHERE is_active = 1 made by require('wp-blog-header.php'), require_once('wp-includes/template-loader.php'), include('/themes/kadence/page.php'), get_header, locate_template, load_template, require_once('/themes/kadence/header.php'), wp_body_open, do_action('wp_body_open'), WP_Hook->do_action, WP_Hook->apply_filters, wp_admin_bar_render, do_action_ref_array('admin_bar_menu'), WP_Hook->do_action, WP_Hook->apply_filters, bp_members_admin_bar_notifications_menu_priority, bp_members_admin_bar_notifications_menu, bp_notifications_toolbar_menu, bp_notifications_get_notifications_for_user, apply_filters('bp_core_get_notifications_for_user'), WP_Hook->apply_filters, bp_nouveau_add_notice_notification_for_user, BP_Messages_Notice::get_active
[07-Jul-2026 13:27:44 UTC] WordPress database error Table 'local.wp_bp_messages_recipients' doesn't exist for query SELECT SUM(unread_count) FROM wp_bp_messages_recipients WHERE user_id = 1 AND is_deleted = 0 AND sender_only = 0 made by require('wp-blog-header.php'), require_once('wp-includes/template-loader.php'), include('/themes/kadence/page.php'), get_header, locate_template, load_template, require_once('/themes/kadence/header.php'), wp_body_open, do_action('wp_body_open'), WP_Hook->do_action, WP_Hook->apply_filters, wp_admin_bar_render, do_action_ref_array('admin_bar_menu'), WP_Hook->do_action, WP_Hook->apply_filters, bp_setup_admin_bar, do_action('bp_setup_admin_bar'), WP_Hook->do_action, WP_Hook->apply_filters, BP_Messages_Component->setup_admin_bar, messages_get_unread_count, BP_Messages_Thread::get_inbox_count
[07-Jul-2026 13:27:44 UTC] WordPress database error Table 'local.wp_bp_groups' doesn't exist for query SELECT DISTINCT g.id FROM wp_bp_groups g WHERE g.id IN (0) ORDER BY g.date_created DESC  made by require('wp-blog-header.php'), require_once('wp-includes/template-loader.php'), include('/themes/kadence/page.php'), get_header, locate_template, load_template, require_once('/themes/kadence/header.php'), wp_body_open, do_action('wp_body_open'), WP_Hook->do_action, WP_Hook->apply_filters, wp_admin_bar_render, do_action_ref_array('admin_bar_menu'), WP_Hook->do_action, WP_Hook->apply_filters, bp_setup_admin_bar, do_action('bp_setup_admin_bar'), WP_Hook->do_action, WP_Hook->apply_filters, BP_Groups_Component->setup_admin_bar, groups_get_invite_count_for_user, groups_get_invites_for_user, groups_get_groups, BP_Groups_Group::get
[07-Jul-2026 13:27:44 UTC] WordPress database error Table 'local.wp_bp_groups' doesn't exist for query SELECT COUNT(DISTINCT g.id) FROM wp_bp_groups g WHERE g.id IN (0) made by require('wp-blog-header.php'), require_once('wp-includes/template-loader.php'), include('/themes/kadence/page.php'), get_header, locate_template, load_template, require_once('/themes/kadence/header.php'), wp_body_open, do_action('wp_body_open'), WP_Hook->do_action, WP_Hook->apply_filters, wp_admin_bar_render, do_action_ref_array('admin_bar_menu'), WP_Hook->do_action, WP_Hook->apply_filters, bp_setup_admin_bar, do_action('bp_setup_admin_bar'), WP_Hook->do_action, WP_Hook->apply_filters, BP_Groups_Component->setup_admin_bar, groups_get_invite_count_for_user, groups_get_invites_for_user, groups_get_groups, BP_Groups_Group::get
[07-Jul-2026 13:28:46 UTC] PHP Warning:  Array to string conversion in C:\Users\adarsh\Local Sites\teacher-training-program\app\public\wp-includes\formatting.php on line 1128
[07-Jul-2026 13:29:18 UTC] PHP Warning:  Array to string conversion in C:\Users\adarsh\Local Sites\teacher-training-program\app\public\wp-includes\formatting.php on line 1128
[07-Jul-2026 14:19:32 UTC] WordPress database error Table 'local.wp_bp_messages_notices' doesn't exist for query SELECT id FROM wp_bp_messages_notices WHERE is_active = 1 made by require_once('wp-admin/admin-header.php'), do_action('in_admin_header'), WP_Hook->do_action, WP_Hook->apply_filters, wp_admin_bar_render, do_action_ref_array('admin_bar_menu'), WP_Hook->do_action, WP_Hook->apply_filters, bp_members_admin_bar_notifications_menu_priority, bp_members_admin_bar_notifications_menu, bp_notifications_toolbar_menu, bp_notifications_get_notifications_for_user, apply_filters('bp_core_get_notifications_for_user'), WP_Hook->apply_filters, bp_nouveau_add_notice_notification_for_user, BP_Messages_Notice::get_active
[07-Jul-2026 14:19:32 UTC] WordPress database error Table 'local.wp_bp_messages_recipients' doesn't exist for query SELECT SUM(unread_count) FROM wp_bp_messages_recipients WHERE user_id = 1 AND is_deleted = 0 AND sender_only = 0 made by require_once('wp-admin/admin-header.php'), do_action('in_admin_header'), WP_Hook->do_action, WP_Hook->apply_filters, wp_admin_bar_render, do_action_ref_array('admin_bar_menu'), WP_Hook->do_action, WP_Hook->apply_filters, bp_setup_admin_bar, do_action('bp_setup_admin_bar'), WP_Hook->do_action, WP_Hook->apply_filters, BP_Messages_Component->setup_admin_bar, messages_get_unread_count, BP_Messages_Thread::get_inbox_count
[07-Jul-2026 14:19:32 UTC] WordPress database error Table 'local.wp_bp_groups' doesn't exist for query SELECT DISTINCT g.id FROM wp_bp_groups g WHERE g.id IN (0) ORDER BY g.date_created DESC  made by require_once('wp-admin/admin-header.php'), do_action('in_admin_header'), WP_Hook->do_action, WP_Hook->apply_filters, wp_admin_bar_render, do_action_ref_array('admin_bar_menu'), WP_Hook->do_action, WP_Hook->apply_filters, bp_setup_admin_bar, do_action('bp_setup_admin_bar'), WP_Hook->do_action, WP_Hook->apply_filters, BP_Groups_Component->setup_admin_bar, groups_get_invite_count_for_user, groups_get_invites_for_user, groups_get_groups, BP_Groups_Group::get
[07-Jul-2026 14:19:32 UTC] WordPress database error Table 'local.wp_bp_groups' doesn't exist for query SELECT COUNT(DISTINCT g.id) FROM wp_bp_groups g WHERE g.id IN (0) made by require_once('wp-admin/admin-header.php'), do_action('in_admin_header'), WP_Hook->do_action, WP_Hook->apply_filters, wp_admin_bar_render, do_action_ref_array('admin_bar_menu'), WP_Hook->do_action, WP_Hook->apply_filters, bp_setup_admin_bar, do_action('bp_setup_admin_bar'), WP_Hook->do_action, WP_Hook->apply_filters, BP_Groups_Component->setup_admin_bar, groups_get_invite_count_for_user, groups_get_invites_for_user, groups_get_groups, BP_Groups_Group::get
[07-Jul-2026 15:00:40 UTC] WordPress database error Table 'local.wp_bp_messages_notices' doesn't exist for query SELECT id FROM wp_bp_messages_notices WHERE is_active = 1 made by require_once('wp-admin/admin-header.php'), do_action('in_admin_header'), WP_Hook->do_action, WP_Hook->apply_filters, wp_admin_bar_render, do_action_ref_array('admin_bar_menu'), WP_Hook->do_action, WP_Hook->apply_filters, bp_members_admin_bar_notifications_menu_priority, bp_members_admin_bar_notifications_menu, bp_notifications_toolbar_menu, bp_notifications_get_notifications_for_user, apply_filters('bp_core_get_notifications_for_user'), WP_Hook->apply_filters, bp_nouveau_add_notice_notification_for_user, BP_Messages_Notice::get_active
[07-Jul-2026 15:00:40 UTC] WordPress database error Table 'local.wp_bp_messages_recipients' doesn't exist for query SELECT SUM(unread_count) FROM wp_bp_messages_recipients WHERE user_id = 1 AND is_deleted = 0 AND sender_only = 0 made by require_once('wp-admin/admin-header.php'), do_action('in_admin_header'), WP_Hook->do_action, WP_Hook->apply_filters, wp_admin_bar_render, do_action_ref_array('admin_bar_menu'), WP_Hook->do_action, WP_Hook->apply_filters, bp_setup_admin_bar, do_action('bp_setup_admin_bar'), WP_Hook->do_action, WP_Hook->apply_filters, BP_Messages_Component->setup_admin_bar, messages_get_unread_count, BP_Messages_Thread::get_inbox_count
[07-Jul-2026 15:00:40 UTC] WordPress database error Table 'local.wp_bp_groups' doesn't exist for query SELECT DISTINCT g.id FROM wp_bp_groups g WHERE g.id IN (0) ORDER BY g.date_created DESC  made by require_once('wp-admin/admin-header.php'), do_action('in_admin_header'), WP_Hook->do_action, WP_Hook->apply_filters, wp_admin_bar_render, do_action_ref_array('admin_bar_menu'), WP_Hook->do_action, WP_Hook->apply_filters, bp_setup_admin_bar, do_action('bp_setup_admin_bar'), WP_Hook->do_action, WP_Hook->apply_filters, BP_Groups_Component->setup_admin_bar, groups_get_invite_count_for_user, groups_get_invites_for_user, groups_get_groups, BP_Groups_Group::get
[07-Jul-2026 15:00:40 UTC] WordPress database error Table 'local.wp_bp_groups' doesn't exist for query SELECT COUNT(DISTINCT g.id) FROM wp_bp_groups g WHERE g.id IN (0) made by require_once('wp-admin/admin-header.php'), do_action('in_admin_header'), WP_Hook->do_action, WP_Hook->apply_filters, wp_admin_bar_render, do_action_ref_array('admin_bar_menu'), WP_Hook->do_action, WP_Hook->apply_filters, bp_setup_admin_bar, do_action('bp_setup_admin_bar'), WP_Hook->do_action, WP_Hook->apply_filters, BP_Groups_Component->setup_admin_bar, groups_get_invite_count_for_user, groups_get_invites_for_user, groups_get_groups, BP_Groups_Group::get
[07-Jul-2026 15:01:04 UTC] WordPress database error Table 'local.wp_bp_messages_notices' doesn't exist for query SELECT id FROM wp_bp_messages_notices WHERE is_active = 1 made by require_once('wp-admin/admin-header.php'), do_action('in_admin_header'), WP_Hook->do_action, WP_Hook->apply_filters, wp_admin_bar_render, do_action_ref_array('admin_bar_menu'), WP_Hook->do_action, WP_Hook->apply_filters, bp_members_admin_bar_notifications_menu_priority, bp_members_admin_bar_notifications_menu, bp_notifications_toolbar_menu, bp_notifications_get_notifications_for_user, apply_filters('bp_core_get_notifications_for_user'), WP_Hook->apply_filters, bp_nouveau_add_notice_notification_for_user, BP_Messages_Notice::get_active
[07-Jul-2026 15:01:04 UTC] WordPress database error Table 'local.wp_bp_messages_recipients' doesn't exist for query SELECT SUM(unread_count) FROM wp_bp_messages_recipients WHERE user_id = 1 AND is_deleted = 0 AND sender_only = 0 made by require_once('wp-admin/admin-header.php'), do_action('in_admin_header'), WP_Hook->do_action, WP_Hook->apply_filters, wp_admin_bar_render, do_action_ref_array('admin_bar_menu'), WP_Hook->do_action, WP_Hook->apply_filters, bp_setup_admin_bar, do_action('bp_setup_admin_bar'), WP_Hook->do_action, WP_Hook->apply_filters, BP_Messages_Component->setup_admin_bar, messages_get_unread_count, BP_Messages_Thread::get_inbox_count
[07-Jul-2026 15:01:04 UTC] WordPress database error Table 'local.wp_bp_groups' doesn't exist for query SELECT DISTINCT g.id FROM wp_bp_groups g WHERE g.id IN (0) ORDER BY g.date_created DESC  made by require_once('wp-admin/admin-header.php'), do_action('in_admin_header'), WP_Hook->do_action, WP_Hook->apply_filters, wp_admin_bar_render, do_action_ref_array('admin_bar_menu'), WP_Hook->do_action, WP_Hook->apply_filters, bp_setup_admin_bar, do_action('bp_setup_admin_bar'), WP_Hook->do_action, WP_Hook->apply_filters, BP_Groups_Component->setup_admin_bar, groups_get_invite_count_for_user, groups_get_invites_for_user, groups_get_groups, BP_Groups_Group::get
[07-Jul-2026 15:01:04 UTC] WordPress database error Table 'local.wp_bp_groups' doesn't exist for query SELECT COUNT(DISTINCT g.id) FROM wp_bp_groups g WHERE g.id IN (0) made by require_once('wp-admin/admin-header.php'), do_action('in_admin_header'), WP_Hook->do_action, WP_Hook->apply_filters, wp_admin_bar_render, do_action_ref_array('admin_bar_menu'), WP_Hook->do_action, WP_Hook->apply_filters, bp_setup_admin_bar, do_action('bp_setup_admin_bar'), WP_Hook->do_action, WP_Hook->apply_filters, BP_Groups_Component->setup_admin_bar, groups_get_invite_count_for_user, groups_get_invites_for_user, groups_get_groups, BP_Groups_Group::get
[07-Jul-2026 15:01:26 UTC] WordPress database error Table 'local.wp_bp_messages_notices' doesn't exist for query SELECT id FROM wp_bp_messages_notices WHERE is_active = 1 made by require_once('wp-admin/admin-header.php'), do_action('in_admin_header'), WP_Hook->do_action, WP_Hook->apply_filters, wp_admin_bar_render, do_action_ref_array('admin_bar_menu'), WP_Hook->do_action, WP_Hook->apply_filters, bp_members_admin_bar_notifications_menu_priority, bp_members_admin_bar_notifications_menu, bp_notifications_toolbar_menu, bp_notifications_get_notifications_for_user, apply_filters('bp_core_get_notifications_for_user'), WP_Hook->apply_filters, bp_nouveau_add_notice_notification_for_user, BP_Messages_Notice::get_active
[07-Jul-2026 15:01:26 UTC] WordPress database error Table 'local.wp_bp_messages_recipients' doesn't exist for query SELECT SUM(unread_count) FROM wp_bp_messages_recipients WHERE user_id = 1 AND is_deleted = 0 AND sender_only = 0 made by require_once('wp-admin/admin-header.php'), do_action('in_admin_header'), WP_Hook->do_action, WP_Hook->apply_filters, wp_admin_bar_render, do_action_ref_array('admin_bar_menu'), WP_Hook->do_action, WP_Hook->apply_filters, bp_setup_admin_bar, do_action('bp_setup_admin_bar'), WP_Hook->do_action, WP_Hook->apply_filters, BP_Messages_Component->setup_admin_bar, messages_get_unread_count, BP_Messages_Thread::get_inbox_count
[07-Jul-2026 15:01:26 UTC] WordPress database error Table 'local.wp_bp_groups' doesn't exist for query SELECT DISTINCT g.id FROM wp_bp_groups g WHERE g.id IN (0) ORDER BY g.date_created DESC  made by require_once('wp-admin/admin-header.php'), do_action('in_admin_header'), WP_Hook->do_action, WP_Hook->apply_filters, wp_admin_bar_render, do_action_ref_array('admin_bar_menu'), WP_Hook->do_action, WP_Hook->apply_filters, bp_setup_admin_bar, do_action('bp_setup_admin_bar'), WP_Hook->do_action, WP_Hook->apply_filters, BP_Groups_Component->setup_admin_bar, groups_get_invite_count_for_user, groups_get_invites_for_user, groups_get_groups, BP_Groups_Group::get
[07-Jul-2026 15:01:26 UTC] WordPress database error Table 'local.wp_bp_groups' doesn't exist for query SELECT COUNT(DISTINCT g.id) FROM wp_bp_groups g WHERE g.id IN (0) made by require_once('wp-admin/admin-header.php'), do_action('in_admin_header'), WP_Hook->do_action, WP_Hook->apply_filters, wp_admin_bar_render, do_action_ref_array('admin_bar_menu'), WP_Hook->do_action, WP_Hook->apply_filters, bp_setup_admin_bar, do_action('bp_setup_admin_bar'), WP_Hook->do_action, WP_Hook->apply_filters, BP_Groups_Component->setup_admin_bar, groups_get_invite_count_for_user, groups_get_invites_for_user, groups_get_groups, BP_Groups_Group::get
[07-Jul-2026 15:01:35 UTC] WordPress database error Table 'local.wp_bp_messages_notices' doesn't exist for query SELECT id FROM wp_bp_messages_notices WHERE is_active = 1 made by require_once('wp-admin/admin-header.php'), do_action('in_admin_header'), WP_Hook->do_action, WP_Hook->apply_filters, wp_admin_bar_render, do_action_ref_array('admin_bar_menu'), WP_Hook->do_action, WP_Hook->apply_filters, bp_members_admin_bar_notifications_menu_priority, bp_members_admin_bar_notifications_menu, bp_notifications_toolbar_menu, bp_notifications_get_notifications_for_user, apply_filters('bp_core_get_notifications_for_user'), WP_Hook->apply_filters, bp_nouveau_add_notice_notification_for_user, BP_Messages_Notice::get_active
[07-Jul-2026 15:01:35 UTC] WordPress database error Table 'local.wp_bp_messages_recipients' doesn't exist for query SELECT SUM(unread_count) FROM wp_bp_messages_recipients WHERE user_id = 1 AND is_deleted = 0 AND sender_only = 0 made by require_once('wp-admin/admin-header.php'), do_action('in_admin_header'), WP_Hook->do_action, WP_Hook->apply_filters, wp_admin_bar_render, do_action_ref_array('admin_bar_menu'), WP_Hook->do_action, WP_Hook->apply_filters, bp_setup_admin_bar, do_action('bp_setup_admin_bar'), WP_Hook->do_action, WP_Hook->apply_filters, BP_Messages_Component->setup_admin_bar, messages_get_unread_count, BP_Messages_Thread::get_inbox_count
[07-Jul-2026 15:01:35 UTC] WordPress database error Table 'local.wp_bp_groups' doesn't exist for query SELECT DISTINCT g.id FROM wp_bp_groups g WHERE g.id IN (0) ORDER BY g.date_created DESC  made by require_once('wp-admin/admin-header.php'), do_action('in_admin_header'), WP_Hook->do_action, WP_Hook->apply_filters, wp_admin_bar_render, do_action_ref_array('admin_bar_menu'), WP_Hook->do_action, WP_Hook->apply_filters, bp_setup_admin_bar, do_action('bp_setup_admin_bar'), WP_Hook->do_action, WP_Hook->apply_filters, BP_Groups_Component->setup_admin_bar, groups_get_invite_count_for_user, groups_get_invites_for_user, groups_get_groups, BP_Groups_Group::get
[07-Jul-2026 15:01:35 UTC] WordPress database error Table 'local.wp_bp_groups' doesn't exist for query SELECT COUNT(DISTINCT g.id) FROM wp_bp_groups g WHERE g.id IN (0) made by require_once('wp-admin/admin-header.php'), do_action('in_admin_header'), WP_Hook->do_action, WP_Hook->apply_filters, wp_admin_bar_render, do_action_ref_array('admin_bar_menu'), WP_Hook->do_action, WP_Hook->apply_filters, bp_setup_admin_bar, do_action('bp_setup_admin_bar'), WP_Hook->do_action, WP_Hook->apply_filters, BP_Groups_Component->setup_admin_bar, groups_get_invite_count_for_user, groups_get_invites_for_user, groups_get_groups, BP_Groups_Group::get
[07-Jul-2026 15:02:07 UTC] WordPress database error Table 'local.wp_bp_messages_notices' doesn't exist for query SELECT id FROM wp_bp_messages_notices WHERE is_active = 1 made by require_once('wp-admin/admin-header.php'), do_action('in_admin_header'), WP_Hook->do_action, WP_Hook->apply_filters, wp_admin_bar_render, do_action_ref_array('admin_bar_menu'), WP_Hook->do_action, WP_Hook->apply_filters, bp_members_admin_bar_notifications_menu_priority, bp_members_admin_bar_notifications_menu, bp_notifications_toolbar_menu, bp_notifications_get_notifications_for_user, apply_filters('bp_core_get_notifications_for_user'), WP_Hook->apply_filters, bp_nouveau_add_notice_notification_for_user, BP_Messages_Notice::get_active
[07-Jul-2026 15:02:07 UTC] WordPress database error Table 'local.wp_bp_messages_recipients' doesn't exist for query SELECT SUM(unread_count) FROM wp_bp_messages_recipients WHERE user_id = 1 AND is_deleted = 0 AND sender_only = 0 made by require_once('wp-admin/admin-header.php'), do_action('in_admin_header'), WP_Hook->do_action, WP_Hook->apply_filters, wp_admin_bar_render, do_action_ref_array('admin_bar_menu'), WP_Hook->do_action, WP_Hook->apply_filters, bp_setup_admin_bar, do_action('bp_setup_admin_bar'), WP_Hook->do_action, WP_Hook->apply_filters, BP_Messages_Component->setup_admin_bar, messages_get_unread_count, BP_Messages_Thread::get_inbox_count
[07-Jul-2026 15:02:07 UTC] WordPress database error Table 'local.wp_bp_groups' doesn't exist for query SELECT DISTINCT g.id FROM wp_bp_groups g WHERE g.id IN (0) ORDER BY g.date_created DESC  made by require_once('wp-admin/admin-header.php'), do_action('in_admin_header'), WP_Hook->do_action, WP_Hook->apply_filters, wp_admin_bar_render, do_action_ref_array('admin_bar_menu'), WP_Hook->do_action, WP_Hook->apply_filters, bp_setup_admin_bar, do_action('bp_setup_admin_bar'), WP_Hook->do_action, WP_Hook->apply_filters, BP_Groups_Component->setup_admin_bar, groups_get_invite_count_for_user, groups_get_invites_for_user, groups_get_groups, BP_Groups_Group::get
[07-Jul-2026 15:02:07 UTC] WordPress database error Table 'local.wp_bp_groups' doesn't exist for query SELECT COUNT(DISTINCT g.id) FROM wp_bp_groups g WHERE g.id IN (0) made by require_once('wp-admin/admin-header.php'), do_action('in_admin_header'), WP_Hook->do_action, WP_Hook->apply_filters, wp_admin_bar_render, do_action_ref_array('admin_bar_menu'), WP_Hook->do_action, WP_Hook->apply_filters, bp_setup_admin_bar, do_action('bp_setup_admin_bar'), WP_Hook->do_action, WP_Hook->apply_filters, BP_Groups_Component->setup_admin_bar, groups_get_invite_count_for_user, groups_get_invites_for_user, groups_get_groups, BP_Groups_Group::get
[07-Jul-2026 15:02:21 UTC] WordPress database error Table 'local.wp_bp_messages_notices' doesn't exist for query SELECT id FROM wp_bp_messages_notices WHERE is_active = 1 made by require_once('wp-admin/user-edit.php'), require_once('wp-admin/admin-header.php'), do_action('in_admin_header'), WP_Hook->do_action, WP_Hook->apply_filters, wp_admin_bar_render, do_action_ref_array('admin_bar_menu'), WP_Hook->do_action, WP_Hook->apply_filters, bp_members_admin_bar_notifications_menu_priority, bp_members_admin_bar_notifications_menu, bp_notifications_toolbar_menu, bp_notifications_get_notifications_for_user, apply_filters('bp_core_get_notifications_for_user'), WP_Hook->apply_filters, bp_nouveau_add_notice_notification_for_user, BP_Messages_Notice::get_active
[07-Jul-2026 15:02:21 UTC] WordPress database error Table 'local.wp_bp_messages_recipients' doesn't exist for query SELECT SUM(unread_count) FROM wp_bp_messages_recipients WHERE user_id = 1 AND is_deleted = 0 AND sender_only = 0 made by require_once('wp-admin/user-edit.php'), require_once('wp-admin/admin-header.php'), do_action('in_admin_header'), WP_Hook->do_action, WP_Hook->apply_filters, wp_admin_bar_render, do_action_ref_array('admin_bar_menu'), WP_Hook->do_action, WP_Hook->apply_filters, bp_setup_admin_bar, do_action('bp_setup_admin_bar'), WP_Hook->do_action, WP_Hook->apply_filters, BP_Messages_Component->setup_admin_bar, messages_get_unread_count, BP_Messages_Thread::get_inbox_count
[07-Jul-2026 15:02:22 UTC] WordPress database error Table 'local.wp_bp_groups' doesn't exist for query SELECT DISTINCT g.id FROM wp_bp_groups g WHERE g.id IN (0) ORDER BY g.date_created DESC  made by require_once('wp-admin/user-edit.php'), require_once('wp-admin/admin-header.php'), do_action('in_admin_header'), WP_Hook->do_action, WP_Hook->apply_filters, wp_admin_bar_render, do_action_ref_array('admin_bar_menu'), WP_Hook->do_action, WP_Hook->apply_filters, bp_setup_admin_bar, do_action('bp_setup_admin_bar'), WP_Hook->do_action, WP_Hook->apply_filters, BP_Groups_Component->setup_admin_bar, groups_get_invite_count_for_user, groups_get_invites_for_user, groups_get_groups, BP_Groups_Group::get
[07-Jul-2026 15:02:22 UTC] WordPress database error Table 'local.wp_bp_groups' doesn't exist for query SELECT COUNT(DISTINCT g.id) FROM wp_bp_groups g WHERE g.id IN (0) made by require_once('wp-admin/user-edit.php'), require_once('wp-admin/admin-header.php'), do_action('in_admin_header'), WP_Hook->do_action, WP_Hook->apply_filters, wp_admin_bar_render, do_action_ref_array('admin_bar_menu'), WP_Hook->do_action, WP_Hook->apply_filters, bp_setup_admin_bar, do_action('bp_setup_admin_bar'), WP_Hook->do_action, WP_Hook->apply_filters, BP_Groups_Component->setup_admin_bar, groups_get_invite_count_for_user, groups_get_invites_for_user, groups_get_groups, BP_Groups_Group::get
[07-Jul-2026 15:04:10 UTC] WordPress database error Table 'local.wp_bp_messages_notices' doesn't exist for query SELECT id FROM wp_bp_messages_notices WHERE is_active = 1 made by require_once('wp-admin/admin-header.php'), do_action('in_admin_header'), WP_Hook->do_action, WP_Hook->apply_filters, wp_admin_bar_render, do_action_ref_array('admin_bar_menu'), WP_Hook->do_action, WP_Hook->apply_filters, bp_members_admin_bar_notifications_menu_priority, bp_members_admin_bar_notifications_menu, bp_notifications_toolbar_menu, bp_notifications_get_notifications_for_user, apply_filters('bp_core_get_notifications_for_user'), WP_Hook->apply_filters, bp_nouveau_add_notice_notification_for_user, BP_Messages_Notice::get_active
[07-Jul-2026 15:04:10 UTC] WordPress database error Table 'local.wp_bp_messages_recipients' doesn't exist for query SELECT SUM(unread_count) FROM wp_bp_messages_recipients WHERE user_id = 1 AND is_deleted = 0 AND sender_only = 0 made by require_once('wp-admin/admin-header.php'), do_action('in_admin_header'), WP_Hook->do_action, WP_Hook->apply_filters, wp_admin_bar_render, do_action_ref_array('admin_bar_menu'), WP_Hook->do_action, WP_Hook->apply_filters, bp_setup_admin_bar, do_action('bp_setup_admin_bar'), WP_Hook->do_action, WP_Hook->apply_filters, BP_Messages_Component->setup_admin_bar, messages_get_unread_count, BP_Messages_Thread::get_inbox_count
[07-Jul-2026 15:04:10 UTC] WordPress database error Table 'local.wp_bp_groups' doesn't exist for query SELECT DISTINCT g.id FROM wp_bp_groups g WHERE g.id IN (0) ORDER BY g.date_created DESC  made by require_once('wp-admin/admin-header.php'), do_action('in_admin_header'), WP_Hook->do_action, WP_Hook->apply_filters, wp_admin_bar_render, do_action_ref_array('admin_bar_menu'), WP_Hook->do_action, WP_Hook->apply_filters, bp_setup_admin_bar, do_action('bp_setup_admin_bar'), WP_Hook->do_action, WP_Hook->apply_filters, BP_Groups_Component->setup_admin_bar, groups_get_invite_count_for_user, groups_get_invites_for_user, groups_get_groups, BP_Groups_Group::get
[07-Jul-2026 15:04:10 UTC] WordPress database error Table 'local.wp_bp_groups' doesn't exist for query SELECT COUNT(DISTINCT g.id) FROM wp_bp_groups g WHERE g.id IN (0) made by require_once('wp-admin/admin-header.php'), do_action('in_admin_header'), WP_Hook->do_action, WP_Hook->apply_filters, wp_admin_bar_render, do_action_ref_array('admin_bar_menu'), WP_Hook->do_action, WP_Hook->apply_filters, bp_setup_admin_bar, do_action('bp_setup_admin_bar'), WP_Hook->do_action, WP_Hook->apply_filters, BP_Groups_Component->setup_admin_bar, groups_get_invite_count_for_user, groups_get_invites_for_user, groups_get_groups, BP_Groups_Group::get
